<?xml version="1.0" encoding="UTF-8"?>
<testsuite xmlns:xsi="http://www.w3.org/2001/XMLSchema-instance" xsi:noNamespaceSchemaLocation="https://maven.apache.org/surefire/maven-surefire-plugin/xsd/surefire-test-report.xsd" name="com.anli.demo.DemoApplicationTests" time="8.359" tests="2" errors="1" skipped="0" failures="0">
  <properties>
    <property name="java.specification.version" value="17"/>
    <property name="sun.cpu.isalist" value="amd64"/>
    <property name="sun.jnu.encoding" value="GBK"/>
    <property name="java.class.path" value="D:\Java\10\an_web_project\springbootWeb-anli\target\test-classes;D:\Java\10\an_web_project\springbootWeb-anli\target\classes;D:\path\to\local\repo\org\springframework\boot\spring-boot-starter-web\2.7.5\spring-boot-starter-web-2.7.5.jar;D:\path\to\local\repo\org\springframework\boot\spring-boot-starter\2.7.5\spring-boot-starter-2.7.5.jar;D:\path\to\local\repo\org\springframework\boot\spring-boot\2.7.5\spring-boot-2.7.5.jar;D:\path\to\local\repo\org\springframework\boot\spring-boot-autoconfigure\2.7.5\spring-boot-autoconfigure-2.7.5.jar;D:\path\to\local\repo\org\springframework\boot\spring-boot-starter-logging\2.7.5\spring-boot-starter-logging-2.7.5.jar;D:\path\to\local\repo\ch\qos\logback\logback-classic\1.2.11\logback-classic-1.2.11.jar;D:\path\to\local\repo\ch\qos\logback\logback-core\1.2.11\logback-core-1.2.11.jar;D:\path\to\local\repo\org\apache\logging\log4j\log4j-to-slf4j\2.17.2\log4j-to-slf4j-2.17.2.jar;D:\path\to\local\repo\org\apache\logging\log4j\log4j-api\2.17.2\log4j-api-2.17.2.jar;D:\path\to\local\repo\org\slf4j\jul-to-slf4j\1.7.36\jul-to-slf4j-1.7.36.jar;D:\path\to\local\repo\jakarta\annotation\jakarta.annotation-api\1.3.5\jakarta.annotation-api-1.3.5.jar;D:\path\to\local\repo\org\yaml\snakeyaml\1.30\snakeyaml-1.30.jar;D:\path\to\local\repo\org\springframework\boot\spring-boot-starter-json\2.7.5\spring-boot-starter-json-2.7.5.jar;D:\path\to\local\repo\com\fasterxml\jackson\datatype\jackson-datatype-jdk8\2.13.4\jackson-datatype-jdk8-2.13.4.jar;D:\path\to\local\repo\com\fasterxml\jackson\datatype\jackson-datatype-jsr310\2.13.4\jackson-datatype-jsr310-2.13.4.jar;D:\path\to\local\repo\com\fasterxml\jackson\module\jackson-module-parameter-names\2.13.4\jackson-module-parameter-names-2.13.4.jar;D:\path\to\local\repo\org\springframework\boot\spring-boot-starter-tomcat\2.7.5\spring-boot-starter-tomcat-2.7.5.jar;D:\path\to\local\repo\org\apache\tomcat\embed\tomcat-embed-core\9.0.68\tomcat-embed-core-9.0.68.jar;D:\path\to\local\repo\org\apache\tomcat\embed\tomcat-embed-el\9.0.68\tomcat-embed-el-9.0.68.jar;D:\path\to\local\repo\org\apache\tomcat\embed\tomcat-embed-websocket\9.0.68\tomcat-embed-websocket-9.0.68.jar;D:\path\to\local\repo\org\springframework\spring-web\5.3.23\spring-web-5.3.23.jar;D:\path\to\local\repo\org\springframework\spring-beans\5.3.23\spring-beans-5.3.23.jar;D:\path\to\local\repo\org\springframework\spring-webmvc\5.3.23\spring-webmvc-5.3.23.jar;D:\path\to\local\repo\org\springframework\spring-context\5.3.23\spring-context-5.3.23.jar;D:\path\to\local\repo\org\springframework\spring-expression\5.3.23\spring-expression-5.3.23.jar;D:\path\to\local\repo\org\mybatis\spring\boot\mybatis-spring-boot-starter\2.3.0\mybatis-spring-boot-starter-2.3.0.jar;D:\path\to\local\repo\org\springframework\boot\spring-boot-starter-jdbc\2.7.5\spring-boot-starter-jdbc-2.7.5.jar;D:\path\to\local\repo\com\zaxxer\HikariCP\4.0.3\HikariCP-4.0.3.jar;D:\path\to\local\repo\org\springframework\spring-jdbc\5.3.23\spring-jdbc-5.3.23.jar;D:\path\to\local\repo\org\mybatis\spring\boot\mybatis-spring-boot-autoconfigure\2.3.0\mybatis-spring-boot-autoconfigure-2.3.0.jar;D:\path\to\local\repo\org\mybatis\mybatis\3.5.11\mybatis-3.5.11.jar;D:\path\to\local\repo\org\mybatis\mybatis-spring\2.1.0\mybatis-spring-2.1.0.jar;D:\path\to\local\repo\com\mysql\mysql-connector-j\8.0.31\mysql-connector-j-8.0.31.jar;D:\path\to\local\repo\org\projectlombok\lombok\1.18.24\lombok-1.18.24.jar;D:\path\to\local\repo\org\springframework\boot\spring-boot-starter-test\2.7.5\spring-boot-starter-test-2.7.5.jar;D:\path\to\local\repo\org\springframework\boot\spring-boot-test\2.7.5\spring-boot-test-2.7.5.jar;D:\path\to\local\repo\org\springframework\boot\spring-boot-test-autoconfigure\2.7.5\spring-boot-test-autoconfigure-2.7.5.jar;D:\path\to\local\repo\com\jayway\jsonpath\json-path\2.7.0\json-path-2.7.0.jar;D:\path\to\local\repo\net\minidev\json-smart\2.4.8\json-smart-2.4.8.jar;D:\path\to\local\repo\net\minidev\accessors-smart\2.4.8\accessors-smart-2.4.8.jar;D:\path\to\local\repo\org\ow2\asm\asm\9.1\asm-9.1.jar;D:\path\to\local\repo\org\slf4j\slf4j-api\1.7.36\slf4j-api-1.7.36.jar;D:\path\to\local\repo\jakarta\xml\bind\jakarta.xml.bind-api\2.3.3\jakarta.xml.bind-api-2.3.3.jar;D:\path\to\local\repo\jakarta\activation\jakarta.activation-api\1.2.2\jakarta.activation-api-1.2.2.jar;D:\path\to\local\repo\org\assertj\assertj-core\3.22.0\assertj-core-3.22.0.jar;D:\path\to\local\repo\org\hamcrest\hamcrest\2.2\hamcrest-2.2.jar;D:\path\to\local\repo\org\junit\jupiter\junit-jupiter\5.8.2\junit-jupiter-5.8.2.jar;D:\path\to\local\repo\org\junit\jupiter\junit-jupiter-api\5.8.2\junit-jupiter-api-5.8.2.jar;D:\path\to\local\repo\org\opentest4j\opentest4j\1.2.0\opentest4j-1.2.0.jar;D:\path\to\local\repo\org\junit\platform\junit-platform-commons\1.8.2\junit-platform-commons-1.8.2.jar;D:\path\to\local\repo\org\apiguardian\apiguardian-api\1.1.2\apiguardian-api-1.1.2.jar;D:\path\to\local\repo\org\junit\jupiter\junit-jupiter-params\5.8.2\junit-jupiter-params-5.8.2.jar;D:\path\to\local\repo\org\junit\jupiter\junit-jupiter-engine\5.8.2\junit-jupiter-engine-5.8.2.jar;D:\path\to\local\repo\org\junit\platform\junit-platform-engine\1.8.2\junit-platform-engine-1.8.2.jar;D:\path\to\local\repo\org\mockito\mockito-core\4.5.1\mockito-core-4.5.1.jar;D:\path\to\local\repo\net\bytebuddy\byte-buddy\1.12.18\byte-buddy-1.12.18.jar;D:\path\to\local\repo\net\bytebuddy\byte-buddy-agent\1.12.18\byte-buddy-agent-1.12.18.jar;D:\path\to\local\repo\org\objenesis\objenesis\3.2\objenesis-3.2.jar;D:\path\to\local\repo\org\mockito\mockito-junit-jupiter\4.5.1\mockito-junit-jupiter-4.5.1.jar;D:\path\to\local\repo\org\skyscreamer\jsonassert\1.5.1\jsonassert-1.5.1.jar;D:\path\to\local\repo\com\vaadin\external\google\android-json\0.0.20131108.vaadin1\android-json-0.0.20131108.vaadin1.jar;D:\path\to\local\repo\org\springframework\spring-core\5.3.23\spring-core-5.3.23.jar;D:\path\to\local\repo\org\springframework\spring-jcl\5.3.23\spring-jcl-5.3.23.jar;D:\path\to\local\repo\org\springframework\spring-test\5.3.23\spring-test-5.3.23.jar;D:\path\to\local\repo\org\xmlunit\xmlunit-core\2.9.0\xmlunit-core-2.9.0.jar;D:\path\to\local\repo\org\mybatis\spring\boot\mybatis-spring-boot-starter-test\3.0.3\mybatis-spring-boot-starter-test-3.0.3.jar;D:\path\to\local\repo\org\mybatis\spring\boot\mybatis-spring-boot-test-autoconfigure\3.0.3\mybatis-spring-boot-test-autoconfigure-3.0.3.jar;D:\path\to\local\repo\org\springframework\spring-tx\5.3.23\spring-tx-5.3.23.jar;D:\path\to\local\repo\com\github\pagehelper\pagehelper-spring-boot-starter\1.4.6\pagehelper-spring-boot-starter-1.4.6.jar;D:\path\to\local\repo\com\github\pagehelper\pagehelper-spring-boot-autoconfigure\1.4.6\pagehelper-spring-boot-autoconfigure-1.4.6.jar;D:\path\to\local\repo\com\github\pagehelper\pagehelper\5.3.2\pagehelper-5.3.2.jar;D:\path\to\local\repo\com\github\jsqlparser\jsqlparser\4.5\jsqlparser-4.5.jar;D:\path\to\local\repo\com\aliyun\oss\aliyun-sdk-oss\3.17.4\aliyun-sdk-oss-3.17.4.jar;D:\path\to\local\repo\org\apache\httpcomponents\httpclient\4.5.13\httpclient-4.5.13.jar;D:\path\to\local\repo\org\apache\httpcomponents\httpcore\4.4.15\httpcore-4.4.15.jar;D:\path\to\local\repo\commons-codec\commons-codec\1.15\commons-codec-1.15.jar;D:\path\to\local\repo\org\jdom\jdom2\2.0.6.1\jdom2-2.0.6.1.jar;D:\path\to\local\repo\org\codehaus\jettison\jettison\1.5.4\jettison-1.5.4.jar;D:\path\to\local\repo\com\aliyun\aliyun-java-sdk-core\4.5.10\aliyun-java-sdk-core-4.5.10.jar;D:\path\to\local\repo\com\google\code\gson\gson\2.9.1\gson-2.9.1.jar;D:\path\to\local\repo\commons-logging\commons-logging\1.2\commons-logging-1.2.jar;D:\path\to\local\repo\org\jacoco\org.jacoco.agent\0.8.5\org.jacoco.agent-0.8.5-runtime.jar;D:\path\to\local\repo\org\ini4j\ini4j\0.5.4\ini4j-0.5.4.jar;D:\path\to\local\repo\io\opentracing\opentracing-api\0.33.0\opentracing-api-0.33.0.jar;D:\path\to\local\repo\io\opentracing\opentracing-util\0.33.0\opentracing-util-0.33.0.jar;D:\path\to\local\repo\io\opentracing\opentracing-noop\0.33.0\opentracing-noop-0.33.0.jar;D:\path\to\local\repo\com\aliyun\aliyun-java-sdk-ram\3.1.0\aliyun-java-sdk-ram-3.1.0.jar;D:\path\to\local\repo\com\aliyun\aliyun-java-sdk-kms\2.11.0\aliyun-java-sdk-kms-2.11.0.jar;D:\path\to\local\repo\javax\xml\bind\jaxb-api\2.3.1\jaxb-api-2.3.1.jar;D:\path\to\local\repo\javax\activation\javax.activation-api\1.2.0\javax.activation-api-1.2.0.jar;D:\path\to\local\repo\javax\activation\activation\1.1.1\activation-1.1.1.jar;D:\path\to\local\repo\org\glassfish\jaxb\jaxb-runtime\2.3.3\jaxb-runtime-2.3.3.jar;D:\path\to\local\repo\org\glassfish\jaxb\txw2\2.3.7\txw2-2.3.7.jar;D:\path\to\local\repo\com\sun\istack\istack-commons-runtime\3.0.11\istack-commons-runtime-3.0.11.jar;D:\path\to\local\repo\com\sun\activation\jakarta.activation\1.2.2\jakarta.activation-1.2.2.jar;D:\path\to\local\repo\org\springframework\boot\spring-boot-configuration-processor\2.7.5\spring-boot-configuration-processor-2.7.5.jar;D:\path\to\local\repo\io\jsonwebtoken\jjwt\0.9.1\jjwt-0.9.1.jar;D:\path\to\local\repo\com\fasterxml\jackson\core\jackson-databind\2.13.4.2\jackson-databind-2.13.4.2.jar;D:\path\to\local\repo\com\fasterxml\jackson\core\jackson-annotations\2.13.4\jackson-annotations-2.13.4.jar;D:\path\to\local\repo\com\fasterxml\jackson\core\jackson-core\2.13.4\jackson-core-2.13.4.jar;D:\path\to\local\repo\com\alibaba\fastjson\1.2.76\fastjson-1.2.76.jar;D:\path\to\local\repo\org\springframework\boot\spring-boot-starter-aop\2.7.5\spring-boot-starter-aop-2.7.5.jar;D:\path\to\local\repo\org\springframework\spring-aop\5.3.23\spring-aop-5.3.23.jar;D:\path\to\local\repo\org\aspectj\aspectjweaver\1.9.7\aspectjweaver-1.9.7.jar;"/>
    <property name="java.vm.vendor" value="Oracle Corporation"/>
    <property name="sun.arch.data.model" value="64"/>
    <property name="user.variant" value=""/>
    <property name="java.vendor.url" value="https://java.oracle.com/"/>
    <property name="user.timezone" value="Asia/Shanghai"/>
    <property name="os.name" value="Windows 11"/>
    <property name="java.vm.specification.version" value="17"/>
    <property name="sun.java.launcher" value="SUN_STANDARD"/>
    <property name="user.country" value="CN"/>
    <property name="sun.boot.library.path" value="C:\Program Files\Java\jdk-17\bin"/>
    <property name="sun.java.command" value="C:\Users\李新安\AppData\Local\Temp\surefire10970114261189517588\surefirebooter13158681428649126803.jar C:\Users\李新安\AppData\Local\Temp\surefire10970114261189517588 2024-07-12T14-10-39_232-jvmRun1 surefire1699612042314456520tmp surefire_06840955827993264040tmp"/>
    <property name="jdk.debug" value="release"/>
    <property name="surefire.test.class.path" value="D:\Java\10\an_web_project\springbootWeb-anli\target\test-classes;D:\Java\10\an_web_project\springbootWeb-anli\target\classes;D:\path\to\local\repo\org\springframework\boot\spring-boot-starter-web\2.7.5\spring-boot-starter-web-2.7.5.jar;D:\path\to\local\repo\org\springframework\boot\spring-boot-starter\2.7.5\spring-boot-starter-2.7.5.jar;D:\path\to\local\repo\org\springframework\boot\spring-boot\2.7.5\spring-boot-2.7.5.jar;D:\path\to\local\repo\org\springframework\boot\spring-boot-autoconfigure\2.7.5\spring-boot-autoconfigure-2.7.5.jar;D:\path\to\local\repo\org\springframework\boot\spring-boot-starter-logging\2.7.5\spring-boot-starter-logging-2.7.5.jar;D:\path\to\local\repo\ch\qos\logback\logback-classic\1.2.11\logback-classic-1.2.11.jar;D:\path\to\local\repo\ch\qos\logback\logback-core\1.2.11\logback-core-1.2.11.jar;D:\path\to\local\repo\org\apache\logging\log4j\log4j-to-slf4j\2.17.2\log4j-to-slf4j-2.17.2.jar;D:\path\to\local\repo\org\apache\logging\log4j\log4j-api\2.17.2\log4j-api-2.17.2.jar;D:\path\to\local\repo\org\slf4j\jul-to-slf4j\1.7.36\jul-to-slf4j-1.7.36.jar;D:\path\to\local\repo\jakarta\annotation\jakarta.annotation-api\1.3.5\jakarta.annotation-api-1.3.5.jar;D:\path\to\local\repo\org\yaml\snakeyaml\1.30\snakeyaml-1.30.jar;D:\path\to\local\repo\org\springframework\boot\spring-boot-starter-json\2.7.5\spring-boot-starter-json-2.7.5.jar;D:\path\to\local\repo\com\fasterxml\jackson\datatype\jackson-datatype-jdk8\2.13.4\jackson-datatype-jdk8-2.13.4.jar;D:\path\to\local\repo\com\fasterxml\jackson\datatype\jackson-datatype-jsr310\2.13.4\jackson-datatype-jsr310-2.13.4.jar;D:\path\to\local\repo\com\fasterxml\jackson\module\jackson-module-parameter-names\2.13.4\jackson-module-parameter-names-2.13.4.jar;D:\path\to\local\repo\org\springframework\boot\spring-boot-starter-tomcat\2.7.5\spring-boot-starter-tomcat-2.7.5.jar;D:\path\to\local\repo\org\apache\tomcat\embed\tomcat-embed-core\9.0.68\tomcat-embed-core-9.0.68.jar;D:\path\to\local\repo\org\apache\tomcat\embed\tomcat-embed-el\9.0.68\tomcat-embed-el-9.0.68.jar;D:\path\to\local\repo\org\apache\tomcat\embed\tomcat-embed-websocket\9.0.68\tomcat-embed-websocket-9.0.68.jar;D:\path\to\local\repo\org\springframework\spring-web\5.3.23\spring-web-5.3.23.jar;D:\path\to\local\repo\org\springframework\spring-beans\5.3.23\spring-beans-5.3.23.jar;D:\path\to\local\repo\org\springframework\spring-webmvc\5.3.23\spring-webmvc-5.3.23.jar;D:\path\to\local\repo\org\springframework\spring-context\5.3.23\spring-context-5.3.23.jar;D:\path\to\local\repo\org\springframework\spring-expression\5.3.23\spring-expression-5.3.23.jar;D:\path\to\local\repo\org\mybatis\spring\boot\mybatis-spring-boot-starter\2.3.0\mybatis-spring-boot-starter-2.3.0.jar;D:\path\to\local\repo\org\springframework\boot\spring-boot-starter-jdbc\2.7.5\spring-boot-starter-jdbc-2.7.5.jar;D:\path\to\local\repo\com\zaxxer\HikariCP\4.0.3\HikariCP-4.0.3.jar;D:\path\to\local\repo\org\springframework\spring-jdbc\5.3.23\spring-jdbc-5.3.23.jar;D:\path\to\local\repo\org\mybatis\spring\boot\mybatis-spring-boot-autoconfigure\2.3.0\mybatis-spring-boot-autoconfigure-2.3.0.jar;D:\path\to\local\repo\org\mybatis\mybatis\3.5.11\mybatis-3.5.11.jar;D:\path\to\local\repo\org\mybatis\mybatis-spring\2.1.0\mybatis-spring-2.1.0.jar;D:\path\to\local\repo\com\mysql\mysql-connector-j\8.0.31\mysql-connector-j-8.0.31.jar;D:\path\to\local\repo\org\projectlombok\lombok\1.18.24\lombok-1.18.24.jar;D:\path\to\local\repo\org\springframework\boot\spring-boot-starter-test\2.7.5\spring-boot-starter-test-2.7.5.jar;D:\path\to\local\repo\org\springframework\boot\spring-boot-test\2.7.5\spring-boot-test-2.7.5.jar;D:\path\to\local\repo\org\springframework\boot\spring-boot-test-autoconfigure\2.7.5\spring-boot-test-autoconfigure-2.7.5.jar;D:\path\to\local\repo\com\jayway\jsonpath\json-path\2.7.0\json-path-2.7.0.jar;D:\path\to\local\repo\net\minidev\json-smart\2.4.8\json-smart-2.4.8.jar;D:\path\to\local\repo\net\minidev\accessors-smart\2.4.8\accessors-smart-2.4.8.jar;D:\path\to\local\repo\org\ow2\asm\asm\9.1\asm-9.1.jar;D:\path\to\local\repo\org\slf4j\slf4j-api\1.7.36\slf4j-api-1.7.36.jar;D:\path\to\local\repo\jakarta\xml\bind\jakarta.xml.bind-api\2.3.3\jakarta.xml.bind-api-2.3.3.jar;D:\path\to\local\repo\jakarta\activation\jakarta.activation-api\1.2.2\jakarta.activation-api-1.2.2.jar;D:\path\to\local\repo\org\assertj\assertj-core\3.22.0\assertj-core-3.22.0.jar;D:\path\to\local\repo\org\hamcrest\hamcrest\2.2\hamcrest-2.2.jar;D:\path\to\local\repo\org\junit\jupiter\junit-jupiter\5.8.2\junit-jupiter-5.8.2.jar;D:\path\to\local\repo\org\junit\jupiter\junit-jupiter-api\5.8.2\junit-jupiter-api-5.8.2.jar;D:\path\to\local\repo\org\opentest4j\opentest4j\1.2.0\opentest4j-1.2.0.jar;D:\path\to\local\repo\org\junit\platform\junit-platform-commons\1.8.2\junit-platform-commons-1.8.2.jar;D:\path\to\local\repo\org\apiguardian\apiguardian-api\1.1.2\apiguardian-api-1.1.2.jar;D:\path\to\local\repo\org\junit\jupiter\junit-jupiter-params\5.8.2\junit-jupiter-params-5.8.2.jar;D:\path\to\local\repo\org\junit\jupiter\junit-jupiter-engine\5.8.2\junit-jupiter-engine-5.8.2.jar;D:\path\to\local\repo\org\junit\platform\junit-platform-engine\1.8.2\junit-platform-engine-1.8.2.jar;D:\path\to\local\repo\org\mockito\mockito-core\4.5.1\mockito-core-4.5.1.jar;D:\path\to\local\repo\net\bytebuddy\byte-buddy\1.12.18\byte-buddy-1.12.18.jar;D:\path\to\local\repo\net\bytebuddy\byte-buddy-agent\1.12.18\byte-buddy-agent-1.12.18.jar;D:\path\to\local\repo\org\objenesis\objenesis\3.2\objenesis-3.2.jar;D:\path\to\local\repo\org\mockito\mockito-junit-jupiter\4.5.1\mockito-junit-jupiter-4.5.1.jar;D:\path\to\local\repo\org\skyscreamer\jsonassert\1.5.1\jsonassert-1.5.1.jar;D:\path\to\local\repo\com\vaadin\external\google\android-json\0.0.20131108.vaadin1\android-json-0.0.20131108.vaadin1.jar;D:\path\to\local\repo\org\springframework\spring-core\5.3.23\spring-core-5.3.23.jar;D:\path\to\local\repo\org\springframework\spring-jcl\5.3.23\spring-jcl-5.3.23.jar;D:\path\to\local\repo\org\springframework\spring-test\5.3.23\spring-test-5.3.23.jar;D:\path\to\local\repo\org\xmlunit\xmlunit-core\2.9.0\xmlunit-core-2.9.0.jar;D:\path\to\local\repo\org\mybatis\spring\boot\mybatis-spring-boot-starter-test\3.0.3\mybatis-spring-boot-starter-test-3.0.3.jar;D:\path\to\local\repo\org\mybatis\spring\boot\mybatis-spring-boot-test-autoconfigure\3.0.3\mybatis-spring-boot-test-autoconfigure-3.0.3.jar;D:\path\to\local\repo\org\springframework\spring-tx\5.3.23\spring-tx-5.3.23.jar;D:\path\to\local\repo\com\github\pagehelper\pagehelper-spring-boot-starter\1.4.6\pagehelper-spring-boot-starter-1.4.6.jar;D:\path\to\local\repo\com\github\pagehelper\pagehelper-spring-boot-autoconfigure\1.4.6\pagehelper-spring-boot-autoconfigure-1.4.6.jar;D:\path\to\local\repo\com\github\pagehelper\pagehelper\5.3.2\pagehelper-5.3.2.jar;D:\path\to\local\repo\com\github\jsqlparser\jsqlparser\4.5\jsqlparser-4.5.jar;D:\path\to\local\repo\com\aliyun\oss\aliyun-sdk-oss\3.17.4\aliyun-sdk-oss-3.17.4.jar;D:\path\to\local\repo\org\apache\httpcomponents\httpclient\4.5.13\httpclient-4.5.13.jar;D:\path\to\local\repo\org\apache\httpcomponents\httpcore\4.4.15\httpcore-4.4.15.jar;D:\path\to\local\repo\commons-codec\commons-codec\1.15\commons-codec-1.15.jar;D:\path\to\local\repo\org\jdom\jdom2\2.0.6.1\jdom2-2.0.6.1.jar;D:\path\to\local\repo\org\codehaus\jettison\jettison\1.5.4\jettison-1.5.4.jar;D:\path\to\local\repo\com\aliyun\aliyun-java-sdk-core\4.5.10\aliyun-java-sdk-core-4.5.10.jar;D:\path\to\local\repo\com\google\code\gson\gson\2.9.1\gson-2.9.1.jar;D:\path\to\local\repo\commons-logging\commons-logging\1.2\commons-logging-1.2.jar;D:\path\to\local\repo\org\jacoco\org.jacoco.agent\0.8.5\org.jacoco.agent-0.8.5-runtime.jar;D:\path\to\local\repo\org\ini4j\ini4j\0.5.4\ini4j-0.5.4.jar;D:\path\to\local\repo\io\opentracing\opentracing-api\0.33.0\opentracing-api-0.33.0.jar;D:\path\to\local\repo\io\opentracing\opentracing-util\0.33.0\opentracing-util-0.33.0.jar;D:\path\to\local\repo\io\opentracing\opentracing-noop\0.33.0\opentracing-noop-0.33.0.jar;D:\path\to\local\repo\com\aliyun\aliyun-java-sdk-ram\3.1.0\aliyun-java-sdk-ram-3.1.0.jar;D:\path\to\local\repo\com\aliyun\aliyun-java-sdk-kms\2.11.0\aliyun-java-sdk-kms-2.11.0.jar;D:\path\to\local\repo\javax\xml\bind\jaxb-api\2.3.1\jaxb-api-2.3.1.jar;D:\path\to\local\repo\javax\activation\javax.activation-api\1.2.0\javax.activation-api-1.2.0.jar;D:\path\to\local\repo\javax\activation\activation\1.1.1\activation-1.1.1.jar;D:\path\to\local\repo\org\glassfish\jaxb\jaxb-runtime\2.3.3\jaxb-runtime-2.3.3.jar;D:\path\to\local\repo\org\glassfish\jaxb\txw2\2.3.7\txw2-2.3.7.jar;D:\path\to\local\repo\com\sun\istack\istack-commons-runtime\3.0.11\istack-commons-runtime-3.0.11.jar;D:\path\to\local\repo\com\sun\activation\jakarta.activation\1.2.2\jakarta.activation-1.2.2.jar;D:\path\to\local\repo\org\springframework\boot\spring-boot-configuration-processor\2.7.5\spring-boot-configuration-processor-2.7.5.jar;D:\path\to\local\repo\io\jsonwebtoken\jjwt\0.9.1\jjwt-0.9.1.jar;D:\path\to\local\repo\com\fasterxml\jackson\core\jackson-databind\2.13.4.2\jackson-databind-2.13.4.2.jar;D:\path\to\local\repo\com\fasterxml\jackson\core\jackson-annotations\2.13.4\jackson-annotations-2.13.4.jar;D:\path\to\local\repo\com\fasterxml\jackson\core\jackson-core\2.13.4\jackson-core-2.13.4.jar;D:\path\to\local\repo\com\alibaba\fastjson\1.2.76\fastjson-1.2.76.jar;D:\path\to\local\repo\org\springframework\boot\spring-boot-starter-aop\2.7.5\spring-boot-starter-aop-2.7.5.jar;D:\path\to\local\repo\org\springframework\spring-aop\5.3.23\spring-aop-5.3.23.jar;D:\path\to\local\repo\org\aspectj\aspectjweaver\1.9.7\aspectjweaver-1.9.7.jar;"/>
    <property name="sun.cpu.endian" value="little"/>
    <property name="user.home" value="C:\Users\李新安"/>
    <property name="user.language" value="zh"/>
    <property name="java.specification.vendor" value="Oracle Corporation"/>
    <property name="java.version.date" value="2024-04-16"/>
    <property name="java.home" value="C:\Program Files\Java\jdk-17"/>
    <property name="file.separator" value="\"/>
    <property name="basedir" value="D:\Java\10\an_web_project\springbootWeb-anli"/>
    <property name="java.vm.compressedOopsMode" value="Zero based"/>
    <property name="line.separator" value="&#10;"/>
    <property name="java.vm.specification.vendor" value="Oracle Corporation"/>
    <property name="java.specification.name" value="Java Platform API Specification"/>
    <property name="surefire.real.class.path" value="C:\Users\李新安\AppData\Local\Temp\surefire10970114261189517588\surefirebooter13158681428649126803.jar"/>
    <property name="user.script" value=""/>
    <property name="sun.management.compiler" value="HotSpot 64-Bit Tiered Compilers"/>
    <property name="java.runtime.version" value="17.0.11+7-LTS-207"/>
    <property name="user.name" value="李新安"/>
    <property name="path.separator" value=";"/>
    <property name="os.version" value="10.0"/>
    <property name="java.runtime.name" value="Java(TM) SE Runtime Environment"/>
    <property name="file.encoding" value="GBK"/>
    <property name="java.vm.name" value="Java HotSpot(TM) 64-Bit Server VM"/>
    <property name="localRepository" value="D:\path\to\local\repo"/>
    <property name="java.vendor.url.bug" value="https://bugreport.java.com/bugreport/"/>
    <property name="java.io.tmpdir" value="C:\Users\李新安\AppData\Local\Temp\"/>
    <property name="java.version" value="17.0.11"/>
    <property name="user.dir" value="D:\Java\10\an_web_project\springbootWeb-anli"/>
    <property name="os.arch" value="amd64"/>
    <property name="java.vm.specification.name" value="Java Virtual Machine Specification"/>
    <property name="sun.os.patch.level" value=""/>
    <property name="idea.version2019.1.1" value="true"/>
    <property name="native.encoding" value="GBK"/>
    <property name="java.library.path" value="C:\Program Files\Java\jdk-17\bin;C:\WINDOWS\Sun\Java\bin;C:\WINDOWS\system32;C:\WINDOWS;D:\VMware Workstation\bin\;C:\Program Files\Common Files\Oracle\Java\javapath;C:\ProgramData\Oracle\Java\javapath;D:\Program Files\Python37\Scripts\;D:\Program Files\Python37\;C:\Program Files (x86)\Common Files\NetSarang;C:\Windows\system32;C:\Windows;C:\Windows\System32\Wbem;C:\Windows\System32\WindowsPowerShell\v1.0\;C:\Windows\System32\OpenSSH\;C:\Program Files (x86)\NVIDIA Corporation\PhysX\Common;C:\Program Files\NVIDIA Corporation\NVIDIA NvDLISR;D:\Go\bin;C:\Program Files\MySQL\MySQL Server 5.5\bin;C:\Program Files\Java\jdk1.8.0_131\bin;C:\Program Files\Java\jdk1.8.0_131\jre\bin;C:\WINDOWS\system32;C:\WINDOWS;C:\WINDOWS\System32\Wbem;C:\WINDOWS\System32\WindowsPowerShell\v1.0\;C:\WINDOWS\System32\OpenSSH\;D:\GOPATH\bin;C:\Program Files\nodejs\;D:\Program Files\Git\cmd;D:\Program Files\MongoDB\Server\4.4\bin;D:\weixinxiaocx\微信web开发者工具\dll;C:\Program Files\Java\jdk-11\bin;C:\Program Files\Java\jdk-11\jre\bin;D:\yuan\maven\apache-maven-3.6.1-bin\apache-maven-3.6.1\bin;D:\yuan\mysql\mysql-8.0.31-winx64\mysql-8.0.31-winx64\bin;C:\Users\李新安\AppData\Local\Microsoft\WindowsApps;C:\Users\李新安\AppData\Local\Programs\Microsoft VS Code\bin;C:\Users\李新安\go\bin;C:\Users\李新安\AppData\Roaming\npm;C:\Users\李新安\Documents\Tencent Files\2489460735\FileRecv\apache-maven-3.6.1\bin;D:\AppServ\Apache24\bin;D:\AppServ\php7;D:\AppServ\MySQL\bin;D:\yuan\mysql\mysql-8.0.31-winx64\mysql-8.0.31-winx64\bin;;."/>
    <property name="java.vm.info" value="mixed mode, sharing"/>
    <property name="java.vendor" value="Oracle Corporation"/>
    <property name="java.vm.version" value="17.0.11+7-LTS-207"/>
    <property name="sun.io.unicode.encoding" value="UnicodeLittle"/>
    <property name="java.class.version" value="61.0"/>
  </properties>
  <testcase name="parseJwt" classname="com.anli.demo.DemoApplicationTests" time="1.555">
    <error message="JWT expired at 2024-07-10T14:42:21Z. Current time: 2024-07-12T14:10:53Z, a difference of 170912205 milliseconds.  Allowed clock skew: 0 milliseconds." type="io.jsonwebtoken.ExpiredJwtException">io.jsonwebtoken.ExpiredJwtException: JWT expired at 2024-07-10T14:42:21Z. Current time: 2024-07-12T14:10:53Z, a difference of 170912205 milliseconds.  Allowed clock skew: 0 milliseconds.
	at com.anli.demo.DemoApplicationTests.parseJwt(DemoApplicationTests.java:38)
</error>
    <system-out><![CDATA[14:10:45.102 [main] DEBUG org.springframework.test.context.BootstrapUtils - Instantiating CacheAwareContextLoaderDelegate from class [org.springframework.test.context.cache.DefaultCacheAwareContextLoaderDelegate]
14:10:45.122 [main] DEBUG org.springframework.test.context.BootstrapUtils - Instantiating BootstrapContext using constructor [public org.springframework.test.context.support.DefaultBootstrapContext(java.lang.Class,org.springframework.test.context.CacheAwareContextLoaderDelegate)]
14:10:45.191 [main] DEBUG org.springframework.test.context.BootstrapUtils - Instantiating TestContextBootstrapper for test class [com.anli.demo.DemoApplicationTests] from class [org.springframework.boot.test.context.SpringBootTestContextBootstrapper]
14:10:45.215 [main] INFO org.springframework.boot.test.context.SpringBootTestContextBootstrapper - Neither @ContextConfiguration nor @ContextHierarchy found for test class [com.anli.demo.DemoApplicationTests], using SpringBootContextLoader
14:10:45.223 [main] DEBUG org.springframework.test.context.support.AbstractContextLoader - Did not detect default resource location for test class [com.anli.demo.DemoApplicationTests]: class path resource [com/anli/demo/DemoApplicationTests-context.xml] does not exist
14:10:45.224 [main] DEBUG org.springframework.test.context.support.AbstractContextLoader - Did not detect default resource location for test class [com.anli.demo.DemoApplicationTests]: class path resource [com/anli/demo/DemoApplicationTestsContext.groovy] does not exist
14:10:45.224 [main] INFO org.springframework.test.context.support.AbstractContextLoader - Could not detect default resource locations for test class [com.anli.demo.DemoApplicationTests]: no resource found for suffixes {-context.xml, Context.groovy}.
14:10:45.226 [main] INFO org.springframework.test.context.support.AnnotationConfigContextLoaderUtils - Could not detect default configuration classes for test class [com.anli.demo.DemoApplicationTests]: DemoApplicationTests does not declare any static, non-private, non-final, nested classes annotated with @Configuration.
14:10:45.425 [main] DEBUG org.springframework.test.context.support.ActiveProfilesUtils - Could not find an 'annotation declaring class' for annotation type [org.springframework.test.context.ActiveProfiles] and class [com.anli.demo.DemoApplicationTests]
14:10:45.643 [main] DEBUG org.springframework.context.annotation.ClassPathScanningCandidateComponentProvider - Identified candidate component class: file [D:\Java\10\an_web_project\springbootWeb-anli\target\classes\com\anli\DemoApplication.class]
14:10:45.644 [main] INFO org.springframework.boot.test.context.SpringBootTestContextBootstrapper - Found @SpringBootConfiguration com.anli.DemoApplication for test class com.anli.demo.DemoApplicationTests
14:10:45.886 [main] DEBUG org.springframework.boot.test.context.SpringBootTestContextBootstrapper - @TestExecutionListeners is not present for class [com.anli.demo.DemoApplicationTests]: using defaults.
14:10:45.887 [main] INFO org.springframework.boot.test.context.SpringBootTestContextBootstrapper - Loaded default TestExecutionListener class names from location [META-INF/spring.factories]: [org.springframework.boot.test.mock.mockito.MockitoTestExecutionListener, org.springframework.boot.test.mock.mockito.ResetMocksTestExecutionListener, org.springframework.boot.test.autoconfigure.restdocs.RestDocsTestExecutionListener, org.springframework.boot.test.autoconfigure.web.client.MockRestServiceServerResetTestExecutionListener, org.springframework.boot.test.autoconfigure.web.servlet.MockMvcPrintOnlyOnFailureTestExecutionListener, org.springframework.boot.test.autoconfigure.web.servlet.WebDriverTestExecutionListener, org.springframework.boot.test.autoconfigure.webservices.client.MockWebServiceServerTestExecutionListener, org.springframework.test.context.web.ServletTestExecutionListener, org.springframework.test.context.support.DirtiesContextBeforeModesTestExecutionListener, org.springframework.test.context.event.ApplicationEventsTestExecutionListener, org.springframework.test.context.support.DependencyInjectionTestExecutionListener, org.springframework.test.context.support.DirtiesContextTestExecutionListener, org.springframework.test.context.transaction.TransactionalTestExecutionListener, org.springframework.test.context.jdbc.SqlScriptsTestExecutionListener, org.springframework.test.context.event.EventPublishingTestExecutionListener]
14:10:45.916 [main] INFO org.springframework.boot.test.context.SpringBootTestContextBootstrapper - Using TestExecutionListeners: [org.springframework.test.context.web.ServletTestExecutionListener@2c78d320, org.springframework.test.context.support.DirtiesContextBeforeModesTestExecutionListener@132e0cc, org.springframework.test.context.event.ApplicationEventsTestExecutionListener@7b205dbd, org.springframework.boot.test.mock.mockito.MockitoTestExecutionListener@106cc338, org.springframework.boot.test.autoconfigure.SpringBootDependencyInjectionTestExecutionListener@7a67e3c6, org.springframework.test.context.support.DirtiesContextTestExecutionListener@6cc558c6, org.springframework.test.context.transaction.TransactionalTestExecutionListener@15713d56, org.springframework.test.context.jdbc.SqlScriptsTestExecutionListener@63f259c3, org.springframework.test.context.event.EventPublishingTestExecutionListener@26ceffa8, org.springframework.boot.test.mock.mockito.ResetMocksTestExecutionListener@600b90df, org.springframework.boot.test.autoconfigure.restdocs.RestDocsTestExecutionListener@7c8c9a05, org.springframework.boot.test.autoconfigure.web.client.MockRestServiceServerResetTestExecutionListener@d41f816, org.springframework.boot.test.autoconfigure.web.servlet.MockMvcPrintOnlyOnFailureTestExecutionListener@5c2375a9, org.springframework.boot.test.autoconfigure.web.servlet.WebDriverTestExecutionListener@60129b9a, org.springframework.boot.test.autoconfigure.webservices.client.MockWebServiceServerTestExecutionListener@78d6692f]
14:10:45.920 [main] DEBUG org.springframework.test.context.support.AbstractDirtiesContextTestExecutionListener - Before test class: context [DefaultTestContext@416c58f5 testClass = DemoApplicationTests, testInstance = [null], testMethod = [null], testException = [null], mergedContextConfiguration = [WebMergedContextConfiguration@5505ae1a testClass = DemoApplicationTests, locations = '{}', classes = '{class com.anli.DemoApplication}', contextInitializerClasses = '[]', activeProfiles = '{}', propertySourceLocations = '{}', propertySourceProperties = '{org.springframework.boot.test.context.SpringBootTestContextBootstrapper=true}', contextCustomizers = set[org.springframework.boot.test.context.filter.ExcludeFilterContextCustomizer@581ac8a8, org.springframework.boot.test.json.DuplicateJsonObjectContextCustomizerFactory$DuplicateJsonObjectContextCustomizer@67c33749, org.springframework.boot.test.mock.mockito.MockitoContextCustomizer@0, org.springframework.boot.test.web.client.TestRestTemplateContextCustomizer@6da21078, org.springframework.boot.test.autoconfigure.actuate.metrics.MetricsExportContextCustomizerFactory$DisableMetricExportContextCustomizer@22ef9844, org.springframework.boot.test.autoconfigure.properties.PropertyMappingContextCustomizer@0, org.springframework.boot.test.autoconfigure.web.servlet.WebDriverContextCustomizerFactory$Customizer@1b2abca6, org.springframework.boot.test.context.SpringBootTestArgs@1, org.springframework.boot.test.context.SpringBootTestWebEnvironment@2c039ac6], resourceBasePath = 'src/main/webapp', contextLoader = 'org.springframework.boot.test.context.SpringBootContextLoader', parent = [null]], attributes = map['org.springframework.test.context.web.ServletTestExecutionListener.activateListener' -> true]], class annotated with @DirtiesContext [false] with mode [null].

  .   ____          _            __ _ _
 /\\ / ___'_ __ _ _(_)_ __  __ _ \ \ \ \
( ( )\___ | '_ | '_| | '_ \/ _` | \ \ \ \
 \\/  ___)| |_)| | | | | || (_| |  ) ) ) )
  '  |____| .__|_| |_|_| |_\__, | / / / /
 =========|_|==============|___/=/_/_/_/
 :: Spring Boot ::                (v2.7.5)

2024-07-12 14:10:46.486  INFO 18056 --- [           main] com.anli.demo.DemoApplicationTests       : Starting DemoApplicationTests using Java 17.0.11 on 工藤新一 with PID 18056 (started by 李新安 in D:\Java\10\an_web_project\springbootWeb-anli)
2024-07-12 14:10:46.487  INFO 18056 --- [           main] com.anli.demo.DemoApplicationTests       : No active profile set, falling back to 1 default profile: "default"
Logging initialized using 'class org.apache.ibatis.logging.stdout.StdOutImpl' adapter.
Property 'mapperLocations' was not specified.


,------.                           ,--.  ,--.         ,--.                         
|  .--. '  ,--,--.  ,---.   ,---.  |  '--'  |  ,---.  |  |  ,---.   ,---.  ,--.--. 
|  '--' | ' ,-.  | | .-. | | .-. : |  .--.  | | .-. : |  | | .-. | | .-. : |  .--' 
|  | --'  \ '-'  | ' '-' ' \   --. |  |  |  | \   --. |  | | '-' ' \   --. |  |    
`--'       `--`--' .`-  /   `----' `--'  `--'  `----' `--' |  |-'   `----' `--'    
                   `---'                                   `--'                        is intercepting.

2024-07-12 14:10:51.627  INFO 18056 --- [           main] com.anli.demo.DemoApplicationTests       : Started DemoApplicationTests in 5.642 seconds (JVM running for 7.508)
]]></system-out>
  </testcase>
  <testcase name="testGenJWt" classname="com.anli.demo.DemoApplicationTests" time="0.087"/>
</testsuite>